[debug] [2020-08-21T19:49:36.026Z] ----------------------------------------------------------------------
[debug] [2020-08-21T19:49:36.030Z] Command:       C:\Program Files\nodejs\node.exe C:\Users\Veri5ied\AppData\Roaming\npm\node_modules\firebase-tools\lib\bin\firebase.js login
[debug] [2020-08-21T19:49:36.030Z] CLI Version:   8.9.0
[debug] [2020-08-21T19:49:36.031Z] Platform:      win32
[debug] [2020-08-21T19:49:36.031Z] Node Version:  v12.16.0
[debug] [2020-08-21T19:49:36.108Z] Time:          Fri Aug 21 2020 20:49:36 GMT+0100 (West Africa Standard Time)
[debug] [2020-08-21T19:49:36.109Z] ----------------------------------------------------------------------
[debug] [2020-08-21T19:49:36.109Z] 
[info] i  Firebase optionally collects CLI usage and error reporting information to help improve our products. Data is collected in accordance with Google's privacy policy (https://policies.google.com/privacy) and is not used to identify you.
 
[info] i  To change your data collection preference at any time, run `firebase logout` and log in again. 
[info] 
[info] Visit this URL on this device to log in:
[info] https://accounts.google.com/o/oauth2/auth?client_id=563584335869-fgrhgmd47bqnekij5i8b5pr03ho849e6.apps.googleusercontent.com&scope=email%20openid%20https%3A%2F%2Fwww.googleapis.com%2Fauth%2Fcloudplatformprojects.readonly%20https%3A%2F%2Fwww.googleapis.com%2Fauth%2Ffirebase%20https%3A%2F%2Fwww.googleapis.com%2Fauth%2Fcloud-platform&response_type=code&state=215883111&redirect_uri=http%3A%2F%2Flocalhost%3A9005
[info] 
[info] Waiting for authentication...
[debug] [2020-08-21T19:50:01.655Z] >>> HTTP REQUEST POST https://accounts.google.com/o/oauth2/token  
 {"code":"4/3QEu1OC3Sn0Ufp_72P6hOo1Lkd3Ovp2Y5GbE-4nVap6Hbu3E4pPX3sFu13Hq0uc2vtbC7tAnX4fsjMUNXvNoEjQ","client_id":"563584335869-fgrhgmd47bqnekij5i8b5pr03ho849e6.apps.googleusercontent.com","client_secret":"j9iVZfS8kkCEFUPaAeJV0sAi","redirect_uri":"http://localhost:9005","grant_type":"authorization_code"}
[debug] [2020-08-21T19:50:03.701Z] Token Fetch Error: FirebaseError: Server Error. tunneling socket could not be established, cause=connect ECONNREFUSED 127.0.0.1:80
    at Request._callback (C:\Users\Veri5ied\AppData\Roaming\npm\node_modules\firebase-tools\lib\api.js:32:31)
    at self.callback (C:\Users\Veri5ied\AppData\Roaming\npm\node_modules\firebase-tools\node_modules\request\request.js:185:22)
    at Request.emit (events.js:321:20)
    at Request.EventEmitter.emit (domain.js:482:12)
    at Request.onRequestError (C:\Users\Veri5ied\AppData\Roaming\npm\node_modules\firebase-tools\node_modules\request\request.js:877:8)
    at ClientRequest.emit (events.js:321:20)
    at ClientRequest.EventEmitter.emit (domain.js:482:12)
    at ClientRequest.onError (C:\Users\Veri5ied\AppData\Roaming\npm\node_modules\firebase-tools\node_modules\tunnel-agent\index.js:179:21)
    at Object.onceWrapper (events.js:428:26)
    at ClientRequest.emit (events.js:321:20)
    at ClientRequest.EventEmitter.emit (domain.js:482:12)
    at Socket.socketErrorListener (_http_client.js:426:9)
    at Socket.emit (events.js:321:20)
    at Socket.EventEmitter.emit (domain.js:482:12)
    at emitErrorNT (internal/streams/destroy.js:92:8)
    at emitErrorAndCloseNT (internal/streams/destroy.js:60:3)
